[2026-04-22 01:22:32 +0000] [8042] [INFO] Starting gunicorn 25.3.0
[2026-04-22 01:22:32 +0000] [8042] [INFO] Listening at: http://127.0.0.1:8000 (8042)
[2026-04-22 01:22:32 +0000] [8042] [INFO] Using worker: sync
[2026-04-22 01:22:32 +0000] [8043] [INFO] Booting worker with pid: 8043
[2026-04-22 01:22:32 +0000] [8044] [INFO] Booting worker with pid: 8044
[2026-04-22 01:22:32 +0000] [8045] [INFO] Booting worker with pid: 8045
[2026-04-22 01:22:32 +0000] [8042] [INFO] Control socket listening at /run/user/0/gunicorn.ctl
[2026-04-22 02:14:36 +0000] [8042] [INFO] Handling signal: term
[2026-04-22 02:14:36 +0000] [8043] [INFO] Worker exiting (pid: 8043)
[2026-04-22 02:14:36 +0000] [8044] [INFO] Worker exiting (pid: 8044)
[2026-04-22 02:14:36 +0000] [8045] [INFO] Worker exiting (pid: 8045)
[2026-04-22 02:14:36 +0000] [8042] [INFO] Worker (pid:8044) was sent SIGTERM!
[2026-04-22 02:14:36 +0000] [8042] [INFO] Worker (pid:8045) was sent SIGTERM!
[2026-04-22 02:14:36 +0000] [14970] [INFO] Starting gunicorn 25.3.0
[2026-04-22 02:14:36 +0000] [14970] [INFO] Listening at: http://127.0.0.1:8000 (14970)
[2026-04-22 02:14:36 +0000] [14970] [INFO] Using worker: sync
[2026-04-22 02:14:36 +0000] [14972] [INFO] Booting worker with pid: 14972
[2026-04-22 02:14:36 +0000] [14973] [INFO] Booting worker with pid: 14973
[2026-04-22 02:14:36 +0000] [14974] [INFO] Booting worker with pid: 14974
[2026-04-22 02:14:37 +0000] [14970] [INFO] Control socket listening at /run/user/0/gunicorn.ctl
[2026-04-22 02:14:37 +0000] [8042] [INFO] Shutting down: Master
[2026-04-22 02:25:41 +0000] [14973] [INFO] Worker exiting (pid: 14973)
[2026-04-22 02:25:41 +0000] [14974] [INFO] Worker exiting (pid: 14974)
[2026-04-22 02:25:41 +0000] [14970] [INFO] Handling signal: term
[2026-04-22 02:25:41 +0000] [14972] [INFO] Worker exiting (pid: 14972)
[2026-04-22 02:25:41 +0000] [14970] [INFO] Worker (pid:14972) was sent SIGTERM!
[2026-04-22 02:25:41 +0000] [16225] [INFO] Starting gunicorn 25.3.0
[2026-04-22 02:25:41 +0000] [16225] [ERROR] Connection in use: ('127.0.0.1', 8000)
[2026-04-22 02:25:41 +0000] [16225] [ERROR] connection to ('127.0.0.1', 8000) failed: [Errno 98] Address already in use
[2026-04-22 02:25:42 +0000] [14970] [INFO] Shutting down: Master
[2026-04-22 02:25:42 +0000] [16225] [INFO] Listening at: http://127.0.0.1:8000 (16225)
[2026-04-22 02:25:42 +0000] [16225] [INFO] Using worker: sync
[2026-04-22 02:25:42 +0000] [16238] [INFO] Booting worker with pid: 16238
[2026-04-22 02:25:42 +0000] [16239] [INFO] Booting worker with pid: 16239
[2026-04-22 02:25:42 +0000] [16240] [INFO] Booting worker with pid: 16240
[2026-04-22 02:25:42 +0000] [16225] [INFO] Control socket listening at /run/user/0/gunicorn.ctl
[2026-04-22 02:32:16 +0000] [16225] [INFO] Handling signal: term
[2026-04-22 02:32:16 +0000] [16239] [INFO] Worker exiting (pid: 16239)
[2026-04-22 02:32:16 +0000] [16240] [INFO] Worker exiting (pid: 16240)
[2026-04-22 02:32:16 +0000] [16238] [INFO] Worker exiting (pid: 16238)
[2026-04-22 02:32:16 +0000] [16225] [INFO] Worker (pid:16239) was sent SIGTERM!
[2026-04-22 02:32:16 +0000] [16225] [INFO] Worker (pid:16240) was sent SIGTERM!
[2026-04-22 02:32:16 +0000] [16890] [INFO] Starting gunicorn 25.3.0
[2026-04-22 02:32:16 +0000] [16890] [INFO] Listening at: http://127.0.0.1:8000 (16890)
[2026-04-22 02:32:16 +0000] [16890] [INFO] Using worker: sync
[2026-04-22 02:32:16 +0000] [16891] [INFO] Booting worker with pid: 16891
[2026-04-22 02:32:16 +0000] [16892] [INFO] Booting worker with pid: 16892
[2026-04-22 02:32:16 +0000] [16893] [INFO] Booting worker with pid: 16893
[2026-04-22 02:32:16 +0000] [16890] [INFO] Control socket listening at /run/user/0/gunicorn.ctl
[2026-04-22 02:32:17 +0000] [16225] [INFO] Shutting down: Master
[2026-04-22 02:35:29 +0000] [16890] [INFO] Handling signal: term
[2026-04-22 02:35:29 +0000] [16891] [INFO] Worker exiting (pid: 16891)
[2026-04-22 02:35:29 +0000] [16892] [INFO] Worker exiting (pid: 16892)
[2026-04-22 02:35:29 +0000] [16893] [INFO] Worker exiting (pid: 16893)
[2026-04-22 02:35:30 +0000] [17249] [INFO] Starting gunicorn 25.3.0
[2026-04-22 02:35:30 +0000] [17249] [ERROR] Connection in use: ('127.0.0.1', 8000)
[2026-04-22 02:35:30 +0000] [17249] [ERROR] connection to ('127.0.0.1', 8000) failed: [Errno 98] Address already in use
[2026-04-22 02:35:31 +0000] [16890] [INFO] Shutting down: Master
[2026-04-22 02:35:31 +0000] [17249] [INFO] Listening at: http://127.0.0.1:8000 (17249)
[2026-04-22 02:35:31 +0000] [17249] [INFO] Using worker: sync
[2026-04-22 02:35:31 +0000] [17260] [INFO] Booting worker with pid: 17260
[2026-04-22 02:35:31 +0000] [17261] [INFO] Booting worker with pid: 17261
[2026-04-22 02:35:31 +0000] [17262] [INFO] Booting worker with pid: 17262
[2026-04-22 02:35:31 +0000] [17249] [INFO] Control socket listening at /run/user/0/gunicorn.ctl
[2026-04-22 02:38:32 +0000] [17249] [INFO] Handling signal: term
[2026-04-22 02:38:32 +0000] [17261] [INFO] Worker exiting (pid: 17261)
[2026-04-22 02:38:32 +0000] [17260] [INFO] Worker exiting (pid: 17260)
[2026-04-22 02:38:32 +0000] [17262] [INFO] Worker exiting (pid: 17262)
[2026-04-22 02:38:33 +0000] [17587] [INFO] Starting gunicorn 25.3.0
[2026-04-22 02:38:33 +0000] [17587] [ERROR] Connection in use: ('127.0.0.1', 8000)
[2026-04-22 02:38:33 +0000] [17587] [ERROR] connection to ('127.0.0.1', 8000) failed: [Errno 98] Address already in use
[2026-04-22 02:38:34 +0000] [17249] [INFO] Shutting down: Master
[2026-04-22 02:38:34 +0000] [17587] [INFO] Listening at: http://127.0.0.1:8000 (17587)
[2026-04-22 02:38:34 +0000] [17587] [INFO] Using worker: sync
[2026-04-22 02:38:34 +0000] [17600] [INFO] Booting worker with pid: 17600
[2026-04-22 02:38:34 +0000] [17601] [INFO] Booting worker with pid: 17601
[2026-04-22 02:38:34 +0000] [17602] [INFO] Booting worker with pid: 17602
[2026-04-22 02:38:34 +0000] [17587] [INFO] Control socket listening at /run/user/0/gunicorn.ctl
[2026-04-22 02:39:43 +0000] [17587] [INFO] Handling signal: term
[2026-04-22 02:39:43 +0000] [17600] [INFO] Worker exiting (pid: 17600)
[2026-04-22 02:39:43 +0000] [17602] [INFO] Worker exiting (pid: 17602)
[2026-04-22 02:39:43 +0000] [17601] [INFO] Worker exiting (pid: 17601)
[2026-04-22 02:39:43 +0000] [17782] [INFO] Starting gunicorn 25.3.0
[2026-04-22 02:39:43 +0000] [17782] [ERROR] Connection in use: ('127.0.0.1', 8000)
[2026-04-22 02:39:43 +0000] [17782] [ERROR] connection to ('127.0.0.1', 8000) failed: [Errno 98] Address already in use
[2026-04-22 02:39:44 +0000] [17587] [INFO] Shutting down: Master
[2026-04-22 02:39:44 +0000] [17782] [INFO] Listening at: http://127.0.0.1:8000 (17782)
[2026-04-22 02:39:44 +0000] [17782] [INFO] Using worker: sync
[2026-04-22 02:39:44 +0000] [17795] [INFO] Booting worker with pid: 17795
[2026-04-22 02:39:44 +0000] [17796] [INFO] Booting worker with pid: 17796
[2026-04-22 02:39:44 +0000] [17797] [INFO] Booting worker with pid: 17797
[2026-04-22 02:39:44 +0000] [17782] [INFO] Control socket listening at /run/user/0/gunicorn.ctl
[2026-04-22 02:41:52 +0000] [17796] [INFO] Worker exiting (pid: 17796)
[2026-04-22 02:41:52 +0000] [17795] [INFO] Worker exiting (pid: 17795)
[2026-04-22 02:41:52 +0000] [17797] [INFO] Worker exiting (pid: 17797)
[2026-04-22 02:41:52 +0000] [17782] [INFO] Handling signal: term
[2026-04-22 02:41:52 +0000] [17782] [INFO] Worker (pid:17795) was sent SIGTERM!
[2026-04-22 02:41:52 +0000] [17782] [INFO] Worker (pid:17796) was sent SIGTERM!
[2026-04-22 02:41:52 +0000] [17782] [INFO] Worker (pid:17797) was sent SIGTERM!
[2026-04-22 02:41:52 +0000] [18050] [INFO] Starting gunicorn 25.3.0
[2026-04-22 02:41:52 +0000] [18050] [INFO] Listening at: http://127.0.0.1:8000 (18050)
[2026-04-22 02:41:52 +0000] [18050] [INFO] Using worker: sync
[2026-04-22 02:41:52 +0000] [18052] [INFO] Booting worker with pid: 18052
[2026-04-22 02:41:52 +0000] [17782] [INFO] Shutting down: Master
[2026-04-22 02:41:52 +0000] [18053] [INFO] Booting worker with pid: 18053
[2026-04-22 02:41:52 +0000] [18054] [INFO] Booting worker with pid: 18054
[2026-04-22 02:41:53 +0000] [18050] [INFO] Control socket listening at /run/user/0/gunicorn.ctl
[2026-04-22 16:50:04 +0000] [18053] [INFO] Worker exiting (pid: 18053)
[2026-04-22 16:50:04 +0000] [18054] [INFO] Worker exiting (pid: 18054)
[2026-04-22 16:50:04 +0000] [18052] [INFO] Worker exiting (pid: 18052)
[2026-04-22 16:50:04 +0000] [18050] [INFO] Handling signal: term
[2026-04-22 16:50:05 +0000] [18050] [INFO] Worker (pid:18052) was sent SIGTERM!
[2026-04-22 16:50:05 +0000] [18050] [INFO] Worker (pid:18053) was sent SIGTERM!
[2026-04-22 16:50:05 +0000] [18050] [INFO] Worker (pid:18054) was sent SIGTERM!
[2026-04-22 16:50:05 +0000] [18050] [INFO] Shutting down: Master
[2026-04-22 16:50:07 +0000] [36531] [INFO] Starting gunicorn 25.3.0
[2026-04-22 16:50:07 +0000] [36531] [INFO] Listening at: http://127.0.0.1:8000 (36531)
[2026-04-22 16:50:07 +0000] [36531] [INFO] Using worker: sync
[2026-04-22 16:50:07 +0000] [36532] [INFO] Booting worker with pid: 36532
[2026-04-22 16:50:07 +0000] [36533] [INFO] Booting worker with pid: 36533
[2026-04-22 16:50:07 +0000] [36534] [INFO] Booting worker with pid: 36534
[2026-04-22 16:50:07 +0000] [36531] [INFO] Control socket listening at /run/user/0/gunicorn.ctl
[2026-04-22 17:25:05 +0000] [40976] [INFO] Starting gunicorn 25.3.0
[2026-04-22 17:25:05 +0000] [40976] [INFO] Listening at: http://127.0.0.1:8000 (40976)
[2026-04-22 17:25:05 +0000] [40976] [INFO] Using worker: sync
[2026-04-22 17:25:05 +0000] [40978] [INFO] Booting worker with pid: 40978
[2026-04-22 17:25:05 +0000] [40979] [INFO] Booting worker with pid: 40979
[2026-04-22 17:25:05 +0000] [40983] [INFO] Booting worker with pid: 40983
[2026-04-22 17:25:06 +0000] [40976] [INFO] Control socket listening at /run/user/0/gunicorn.ctl
[2026-04-22 17:30:37 +0000] [41776] [INFO] Starting gunicorn 25.3.0
[2026-04-22 17:30:37 +0000] [41776] [INFO] Listening at: http://127.0.0.1:8000 (41776)
[2026-04-22 17:30:37 +0000] [41776] [INFO] Using worker: sync
[2026-04-22 17:30:37 +0000] [41778] [INFO] Booting worker with pid: 41778
[2026-04-22 17:30:37 +0000] [41779] [INFO] Booting worker with pid: 41779
[2026-04-22 17:30:37 +0000] [41780] [INFO] Booting worker with pid: 41780
[2026-04-22 17:30:37 +0000] [41776] [INFO] Control socket listening at /run/user/0/gunicorn.ctl
[2026-04-22 17:31:03 +0000] [41780] [ERROR] Error handling request GET /checkin/0032bcd1-42fb-49f1-85a7-9e69b0ab6d3d/
Traceback (most recent call last):
  File "/root/verticebook/.venv/lib/python3.12/site-packages/django/core/handlers/exception.py", line 55, in inner
    response = get_response(request)
               ^^^^^^^^^^^^^^^^^^^^^
  File "/root/verticebook/.venv/lib/python3.12/site-packages/django/utils/deprecation.py", line 308, in __call__
    response = self.process_request(request)
               ^^^^^^^^^^^^^^^^^^^^^^^^^^^^^
  File "/root/verticebook/.venv/lib/python3.12/site-packages/django/middleware/locale.py", line 24, in process_request
    ) = is_language_prefix_patterns_used(urlconf)
        ^^^^^^^^^^^^^^^^^^^^^^^^^^^^^^^^^^^^^^^^^
  File "/root/verticebook/.venv/lib/python3.12/site-packages/django/conf/urls/i18n.py", line 31, in is_language_prefix_patterns_used
    for url_pattern in get_resolver(urlconf).url_patterns:
                       ^^^^^^^^^^^^^^^^^^^^^^^^^^^^^^^^^^
  File "/root/verticebook/.venv/lib/python3.12/site-packages/django/utils/functional.py", line 47, in __get__
    res = instance.__dict__[self.name] = self.func(instance)
                                         ^^^^^^^^^^^^^^^^^^^
  File "/root/verticebook/.venv/lib/python3.12/site-packages/django/urls/resolvers.py", line 729, in url_patterns
    patterns = getattr(self.urlconf_module, "urlpatterns", self.urlconf_module)
                       ^^^^^^^^^^^^^^^^^^^
  File "/root/verticebook/.venv/lib/python3.12/site-packages/django/utils/functional.py", line 47, in __get__
    res = instance.__dict__[self.name] = self.func(instance)
                                         ^^^^^^^^^^^^^^^^^^^
  File "/root/verticebook/.venv/lib/python3.12/site-packages/django/urls/resolvers.py", line 722, in urlconf_module
    return import_module(self.urlconf_name)
           ^^^^^^^^^^^^^^^^^^^^^^^^^^^^^^^^
  File "/usr/lib/python3.12/importlib/__init__.py", line 90, in import_module
    return _bootstrap._gcd_import(name[level:], package, level)
           ^^^^^^^^^^^^^^^^^^^^^^^^^^^^^^^^^^^^^^^^^^^^^^^^^^^^
  File "<frozen importlib._bootstrap>", line 1387, in _gcd_import
  File "<frozen importlib._bootstrap>", line 1360, in _find_and_load
  File "<frozen importlib._bootstrap>", line 1331, in _find_and_load_unlocked
  File "<frozen importlib._bootstrap>", line 935, in _load_unlocked
  File "<frozen importlib._bootstrap_external>", line 995, in exec_module
  File "<frozen importlib._bootstrap>", line 488, in _call_with_frames_removed
  File "/root/verticebook/verticebook/urls.py", line 14, in <module>
    path('checkin/<uuid:token>/', include('reservations.urls_guest_checkin')), # We'll create this or use GuestCheckInView directly
                                  ^^^^^^^^^^^^^^^^^^^^^^^^^^^^^^^^^^^^^^^^^^
  File "/root/verticebook/.venv/lib/python3.12/site-packages/django/urls/conf.py", line 39, in include
    urlconf_module = import_module(urlconf_module)
                     ^^^^^^^^^^^^^^^^^^^^^^^^^^^^^
  File "/usr/lib/python3.12/importlib/__init__.py", line 90, in import_module
    return _bootstrap._gcd_import(name[level:], package, level)
           ^^^^^^^^^^^^^^^^^^^^^^^^^^^^^^^^^^^^^^^^^^^^^^^^^^^^
  File "<frozen importlib._bootstrap>", line 1387, in _gcd_import
  File "<frozen importlib._bootstrap>", line 1360, in _find_and_load
  File "<frozen importlib._bootstrap>", line 1331, in _find_and_load_unlocked
  File "<frozen importlib._bootstrap>", line 935, in _load_unlocked
  File "<frozen importlib._bootstrap_external>", line 995, in exec_module
  File "<frozen importlib._bootstrap>", line 488, in _call_with_frames_removed
  File "/root/verticebook/reservations/urls_guest_checkin.py", line 4, in <module>
    path('', views_checkin.GuestCheckInView.as_view(), name='guest_checkin'),
    ^^^^
NameError: name 'path' is not defined

During handling of the above exception, another exception occurred:

Traceback (most recent call last):
  File "/root/verticebook/.venv/lib/python3.12/site-packages/django/core/handlers/exception.py", line 55, in inner
    response = get_response(request)
               ^^^^^^^^^^^^^^^^^^^^^
  File "/root/verticebook/.venv/lib/python3.12/site-packages/django/utils/deprecation.py", line 309, in __call__
    response = response or self.get_response(request)
                           ^^^^^^^^^^^^^^^^^^^^^^^^^^
  File "/root/verticebook/.venv/lib/python3.12/site-packages/django/core/handlers/exception.py", line 57, in inner
    response = response_for_exception(request, exc)
               ^^^^^^^^^^^^^^^^^^^^^^^^^^^^^^^^^^^^
  File "/root/verticebook/.venv/lib/python3.12/site-packages/django/core/handlers/exception.py", line 141, in response_for_exception
    response = handle_uncaught_exception(
               ^^^^^^^^^^^^^^^^^^^^^^^^^^
  File "/root/verticebook/.venv/lib/python3.12/site-packages/django/core/handlers/exception.py", line 182, in handle_uncaught_exception
    return debug.technical_500_response(request, *exc_info)
           ^^^^^^^^^^^^^^^^^^^^^^^^^^^^^^^^^^^^^^^^^^^^^^^^
  File "/root/verticebook/.venv/lib/python3.12/site-packages/django/views/decorators/csp.py", line 21, in _wrapped_sync_view
    response = view_func(request, *args, **kwargs)
               ^^^^^^^^^^^^^^^^^^^^^^^^^^^^^^^^^^^
  File "/root/verticebook/.venv/lib/python3.12/site-packages/django/views/decorators/csp.py", line 21, in _wrapped_sync_view
    response = view_func(request, *args, **kwargs)
               ^^^^^^^^^^^^^^^^^^^^^^^^^^^^^^^^^^^
  File "/root/verticebook/.venv/lib/python3.12/site-packages/django/views/debug.py", line 73, in technical_500_response
    html = reporter.get_traceback_html()
           ^^^^^^^^^^^^^^^^^^^^^^^^^^^^^
  File "/root/verticebook/.venv/lib/python3.12/site-packages/django/views/debug.py", line 435, in get_traceback_html
    c = Context(self.get_traceback_data(), use_l10n=False)
                ^^^^^^^^^^^^^^^^^^^^^^^^^
  File "/root/verticebook/.venv/lib/python3.12/site-packages/django/views/debug.py", line 416, in get_traceback_data
    c["raising_view_name"] = get_caller(self.request)
                             ^^^^^^^^^^^^^^^^^^^^^^^^
  File "/root/verticebook/.venv/lib/python3.12/site-packages/django/views/debug.py", line 106, in get_caller
    resolver_match = resolve(request.path)
                     ^^^^^^^^^^^^^^^^^^^^^
  File "/root/verticebook/.venv/lib/python3.12/site-packages/django/urls/base.py", line 25, in resolve
    return get_resolver(urlconf).resolve(path)
           ^^^^^^^^^^^^^^^^^^^^^^^^^^^^^^^^^^^
  File "/root/verticebook/.venv/lib/python3.12/site-packages/django/urls/resolvers.py", line 676, in resolve
    for pattern in self.url_patterns:
                   ^^^^^^^^^^^^^^^^^
  File "/root/verticebook/.venv/lib/python3.12/site-packages/django/utils/functional.py", line 47, in __get__
    res = instance.__dict__[self.name] = self.func(instance)
                                         ^^^^^^^^^^^^^^^^^^^
  File "/root/verticebook/.venv/lib/python3.12/site-packages/django/urls/resolvers.py", line 729, in url_patterns
    patterns = getattr(self.urlconf_module, "urlpatterns", self.urlconf_module)
                       ^^^^^^^^^^^^^^^^^^^
  File "/root/verticebook/.venv/lib/python3.12/site-packages/django/utils/functional.py", line 47, in __get__
    res = instance.__dict__[self.name] = self.func(instance)
                                         ^^^^^^^^^^^^^^^^^^^
  File "/root/verticebook/.venv/lib/python3.12/site-packages/django/urls/resolvers.py", line 722, in urlconf_module
    return import_module(self.urlconf_name)
           ^^^^^^^^^^^^^^^^^^^^^^^^^^^^^^^^
  File "/usr/lib/python3.12/importlib/__init__.py", line 90, in import_module
    return _bootstrap._gcd_import(name[level:], package, level)
           ^^^^^^^^^^^^^^^^^^^^^^^^^^^^^^^^^^^^^^^^^^^^^^^^^^^^
  File "<frozen importlib._bootstrap>", line 1387, in _gcd_import
  File "<frozen importlib._bootstrap>", line 1360, in _find_and_load
  File "<frozen importlib._bootstrap>", line 1331, in _find_and_load_unlocked
  File "<frozen importlib._bootstrap>", line 935, in _load_unlocked
  File "<frozen importlib._bootstrap_external>", line 995, in exec_module
  File "<frozen importlib._bootstrap>", line 488, in _call_with_frames_removed
  File "/root/verticebook/verticebook/urls.py", line 14, in <module>
    path('checkin/<uuid:token>/', include('reservations.urls_guest_checkin')), # We'll create this or use GuestCheckInView directly
                                  ^^^^^^^^^^^^^^^^^^^^^^^^^^^^^^^^^^^^^^^^^^
  File "/root/verticebook/.venv/lib/python3.12/site-packages/django/urls/conf.py", line 39, in include
    urlconf_module = import_module(urlconf_module)
                     ^^^^^^^^^^^^^^^^^^^^^^^^^^^^^
  File "/usr/lib/python3.12/importlib/__init__.py", line 90, in import_module
    return _bootstrap._gcd_import(name[level:], package, level)
           ^^^^^^^^^^^^^^^^^^^^^^^^^^^^^^^^^^^^^^^^^^^^^^^^^^^^
  File "<frozen importlib._bootstrap>", line 1387, in _gcd_import
  File "<frozen importlib._bootstrap>", line 1360, in _find_and_load
  File "<frozen importlib._bootstrap>", line 1331, in _find_and_load_unlocked
  File "<frozen importlib._bootstrap>", line 935, in _load_unlocked
  File "<frozen importlib._bootstrap_external>", line 995, in exec_module
  File "<frozen importlib._bootstrap>", line 488, in _call_with_frames_removed
  File "/root/verticebook/reservations/urls_guest_checkin.py", line 4, in <module>
    path('', views_checkin.GuestCheckInView.as_view(), name='guest_checkin'),
    ^^^^
NameError: name 'path' is not defined

During handling of the above exception, another exception occurred:

Traceback (most recent call last):
  File "/root/verticebook/.venv/lib/python3.12/site-packages/django/core/handlers/exception.py", line 55, in inner
    response = get_response(request)
               ^^^^^^^^^^^^^^^^^^^^^
  File "/root/verticebook/.venv/lib/python3.12/site-packages/django/utils/deprecation.py", line 309, in __call__
    response = response or self.get_response(request)
                           ^^^^^^^^^^^^^^^^^^^^^^^^^^
  File "/root/verticebook/.venv/lib/python3.12/site-packages/django/core/handlers/exception.py", line 57, in inner
    response = response_for_exception(request, exc)
               ^^^^^^^^^^^^^^^^^^^^^^^^^^^^^^^^^^^^
  File "/root/verticebook/.venv/lib/python3.12/site-packages/django/core/handlers/exception.py", line 141, in response_for_exception
    response = handle_uncaught_exception(
               ^^^^^^^^^^^^^^^^^^^^^^^^^^
  File "/root/verticebook/.venv/lib/python3.12/site-packages/django/core/handlers/exception.py", line 182, in handle_uncaught_exception
    return debug.technical_500_response(request, *exc_info)
           ^^^^^^^^^^^^^^^^^^^^^^^^^^^^^^^^^^^^^^^^^^^^^^^^
  File "/root/verticebook/.venv/lib/python3.12/site-packages/django/views/decorators/csp.py", line 21, in _wrapped_sync_view
    response = view_func(request, *args, **kwargs)
               ^^^^^^^^^^^^^^^^^^^^^^^^^^^^^^^^^^^
  File "/root/verticebook/.venv/lib/python3.12/site-packages/django/views/decorators/csp.py", line 21, in _wrapped_sync_view
    response = view_func(request, *args, **kwargs)
               ^^^^^^^^^^^^^^^^^^^^^^^^^^^^^^^^^^^
  File "/root/verticebook/.venv/lib/python3.12/site-packages/django/views/debug.py", line 73, in technical_500_response
    html = reporter.get_traceback_html()
           ^^^^^^^^^^^^^^^^^^^^^^^^^^^^^
  File "/root/verticebook/.venv/lib/python3.12/site-packages/django/views/debug.py", line 435, in get_traceback_html
    c = Context(self.get_traceback_data(), use_l10n=False)
                ^^^^^^^^^^^^^^^^^^^^^^^^^
  File "/root/verticebook/.venv/lib/python3.12/site-packages/django/views/debug.py", line 416, in get_traceback_data
    c["raising_view_name"] = get_caller(self.request)
                             ^^^^^^^^^^^^^^^^^^^^^^^^
  File "/root/verticebook/.venv/lib/python3.12/site-packages/django/views/debug.py", line 106, in get_caller
    resolver_match = resolve(request.path)
                     ^^^^^^^^^^^^^^^^^^^^^
  File "/root/verticebook/.venv/lib/python3.12/site-packages/django/urls/base.py", line 25, in resolve
    return get_resolver(urlconf).resolve(path)
           ^^^^^^^^^^^^^^^^^^^^^^^^^^^^^^^^^^^
  File "/root/verticebook/.venv/lib/python3.12/site-packages/django/urls/resolvers.py", line 676, in resolve
    for pattern in self.url_patterns:
                   ^^^^^^^^^^^^^^^^^
  File "/root/verticebook/.venv/lib/python3.12/site-packages/django/utils/functional.py", line 47, in __get__
    res = instance.__dict__[self.name] = self.func(instance)
                                         ^^^^^^^^^^^^^^^^^^^
  File "/root/verticebook/.venv/lib/python3.12/site-packages/django/urls/resolvers.py", line 729, in url_patterns
    patterns = getattr(self.urlconf_module, "urlpatterns", self.urlconf_module)
                       ^^^^^^^^^^^^^^^^^^^
  File "/root/verticebook/.venv/lib/python3.12/site-packages/django/utils/functional.py", line 47, in __get__
    res = instance.__dict__[self.name] = self.func(instance)
                                         ^^^^^^^^^^^^^^^^^^^
  File "/root/verticebook/.venv/lib/python3.12/site-packages/django/urls/resolvers.py", line 722, in urlconf_module
    return import_module(self.urlconf_name)
           ^^^^^^^^^^^^^^^^^^^^^^^^^^^^^^^^
  File "/usr/lib/python3.12/importlib/__init__.py", line 90, in import_module
    return _bootstrap._gcd_import(name[level:], package, level)
           ^^^^^^^^^^^^^^^^^^^^^^^^^^^^^^^^^^^^^^^^^^^^^^^^^^^^
  File "<frozen importlib._bootstrap>", line 1387, in _gcd_import
  File "<frozen importlib._bootstrap>", line 1360, in _find_and_load
  File "<frozen importlib._bootstrap>", line 1331, in _find_and_load_unlocked
  File "<frozen importlib._bootstrap>", line 935, in _load_unlocked
  File "<frozen importlib._bootstrap_external>", line 995, in exec_module
  File "<frozen importlib._bootstrap>", line 488, in _call_with_frames_removed
  File "/root/verticebook/verticebook/urls.py", line 14, in <module>
    path('checkin/<uuid:token>/', include('reservations.urls_guest_checkin')), # We'll create this or use GuestCheckInView directly
                                  ^^^^^^^^^^^^^^^^^^^^^^^^^^^^^^^^^^^^^^^^^^
  File "/root/verticebook/.venv/lib/python3.12/site-packages/django/urls/conf.py", line 39, in include
    urlconf_module = import_module(urlconf_module)
                     ^^^^^^^^^^^^^^^^^^^^^^^^^^^^^
  File "/usr/lib/python3.12/importlib/__init__.py", line 90, in import_module
    return _bootstrap._gcd_import(name[level:], package, level)
           ^^^^^^^^^^^^^^^^^^^^^^^^^^^^^^^^^^^^^^^^^^^^^^^^^^^^
  File "<frozen importlib._bootstrap>", line 1387, in _gcd_import
  File "<frozen importlib._bootstrap>", line 1360, in _find_and_load
  File "<frozen importlib._bootstrap>", line 1331, in _find_and_load_unlocked
  File "<frozen importlib._bootstrap>", line 935, in _load_unlocked
  File "<frozen importlib._bootstrap_external>", line 995, in exec_module
  File "<frozen importlib._bootstrap>", line 488, in _call_with_frames_removed
  File "/root/verticebook/reservations/urls_guest_checkin.py", line 4, in <module>
    path('', views_checkin.GuestCheckInView.as_view(), name='guest_checkin'),
    ^^^^
NameError: name 'path' is not defined

During handling of the above exception, another exception occurred:

Traceback (most recent call last):
  File "/root/verticebook/.venv/lib/python3.12/site-packages/gunicorn/workers/sync.py", line 142, in handle
    self.handle_request(listener, req, client, addr)
  File "/root/verticebook/.venv/lib/python3.12/site-packages/gunicorn/workers/sync.py", line 185, in handle_request
    respiter = self.wsgi(environ, resp.start_response)
               ^^^^^^^^^^^^^^^^^^^^^^^^^^^^^^^^^^^^^^^
  File "/root/verticebook/.venv/lib/python3.12/site-packages/django/core/handlers/wsgi.py", line 124, in __call__
    response = self.get_response(request)
               ^^^^^^^^^^^^^^^^^^^^^^^^^^
  File "/root/verticebook/.venv/lib/python3.12/site-packages/django/core/handlers/base.py", line 141, in get_response
    response = self._middleware_chain(request)
               ^^^^^^^^^^^^^^^^^^^^^^^^^^^^^^^
  File "/root/verticebook/.venv/lib/python3.12/site-packages/django/core/handlers/exception.py", line 57, in inner
    response = response_for_exception(request, exc)
               ^^^^^^^^^^^^^^^^^^^^^^^^^^^^^^^^^^^^
  File "/root/verticebook/.venv/lib/python3.12/site-packages/django/core/handlers/exception.py", line 141, in response_for_exception
    response = handle_uncaught_exception(
               ^^^^^^^^^^^^^^^^^^^^^^^^^^
  File "/root/verticebook/.venv/lib/python3.12/site-packages/django/core/handlers/exception.py", line 182, in handle_uncaught_exception
    return debug.technical_500_response(request, *exc_info)
           ^^^^^^^^^^^^^^^^^^^^^^^^^^^^^^^^^^^^^^^^^^^^^^^^
  File "/root/verticebook/.venv/lib/python3.12/site-packages/django/views/decorators/csp.py", line 21, in _wrapped_sync_view
    response = view_func(request, *args, **kwargs)
               ^^^^^^^^^^^^^^^^^^^^^^^^^^^^^^^^^^^
  File "/root/verticebook/.venv/lib/python3.12/site-packages/django/views/decorators/csp.py", line 21, in _wrapped_sync_view
    response = view_func(request, *args, **kwargs)
               ^^^^^^^^^^^^^^^^^^^^^^^^^^^^^^^^^^^
  File "/root/verticebook/.venv/lib/python3.12/site-packages/django/views/debug.py", line 73, in technical_500_response
    html = reporter.get_traceback_html()
           ^^^^^^^^^^^^^^^^^^^^^^^^^^^^^
  File "/root/verticebook/.venv/lib/python3.12/site-packages/django/views/debug.py", line 435, in get_traceback_html
    c = Context(self.get_traceback_data(), use_l10n=False)
                ^^^^^^^^^^^^^^^^^^^^^^^^^
  File "/root/verticebook/.venv/lib/python3.12/site-packages/django/views/debug.py", line 416, in get_traceback_data
    c["raising_view_name"] = get_caller(self.request)
                             ^^^^^^^^^^^^^^^^^^^^^^^^
  File "/root/verticebook/.venv/lib/python3.12/site-packages/django/views/debug.py", line 106, in get_caller
    resolver_match = resolve(request.path)
                     ^^^^^^^^^^^^^^^^^^^^^
  File "/root/verticebook/.venv/lib/python3.12/site-packages/django/urls/base.py", line 25, in resolve
    return get_resolver(urlconf).resolve(path)
           ^^^^^^^^^^^^^^^^^^^^^^^^^^^^^^^^^^^
  File "/root/verticebook/.venv/lib/python3.12/site-packages/django/urls/resolvers.py", line 676, in resolve
    for pattern in self.url_patterns:
                   ^^^^^^^^^^^^^^^^^
  File "/root/verticebook/.venv/lib/python3.12/site-packages/django/utils/functional.py", line 47, in __get__
    res = instance.__dict__[self.name] = self.func(instance)
                                         ^^^^^^^^^^^^^^^^^^^
  File "/root/verticebook/.venv/lib/python3.12/site-packages/django/urls/resolvers.py", line 729, in url_patterns
    patterns = getattr(self.urlconf_module, "urlpatterns", self.urlconf_module)
                       ^^^^^^^^^^^^^^^^^^^
  File "/root/verticebook/.venv/lib/python3.12/site-packages/django/utils/functional.py", line 47, in __get__
    res = instance.__dict__[self.name] = self.func(instance)
                                         ^^^^^^^^^^^^^^^^^^^
  File "/root/verticebook/.venv/lib/python3.12/site-packages/django/urls/resolvers.py", line 722, in urlconf_module
    return import_module(self.urlconf_name)
           ^^^^^^^^^^^^^^^^^^^^^^^^^^^^^^^^
  File "/usr/lib/python3.12/importlib/__init__.py", line 90, in import_module
    return _bootstrap._gcd_import(name[level:], package, level)
           ^^^^^^^^^^^^^^^^^^^^^^^^^^^^^^^^^^^^^^^^^^^^^^^^^^^^
  File "<frozen importlib._bootstrap>", line 1387, in _gcd_import
  File "<frozen importlib._bootstrap>", line 1360, in _find_and_load
  File "<frozen importlib._bootstrap>", line 1331, in _find_and_load_unlocked
  File "<frozen importlib._bootstrap>", line 935, in _load_unlocked
  File "<frozen importlib._bootstrap_external>", line 995, in exec_module
  File "<frozen importlib._bootstrap>", line 488, in _call_with_frames_removed
  File "/root/verticebook/verticebook/urls.py", line 14, in <module>
    path('checkin/<uuid:token>/', include('reservations.urls_guest_checkin')), # We'll create this or use GuestCheckInView directly
                                  ^^^^^^^^^^^^^^^^^^^^^^^^^^^^^^^^^^^^^^^^^^
  File "/root/verticebook/.venv/lib/python3.12/site-packages/django/urls/conf.py", line 39, in include
    urlconf_module = import_module(urlconf_module)
                     ^^^^^^^^^^^^^^^^^^^^^^^^^^^^^
  File "/usr/lib/python3.12/importlib/__init__.py", line 90, in import_module
    return _bootstrap._gcd_import(name[level:], package, level)
           ^^^^^^^^^^^^^^^^^^^^^^^^^^^^^^^^^^^^^^^^^^^^^^^^^^^^
  File "<frozen importlib._bootstrap>", line 1387, in _gcd_import
  File "<frozen importlib._bootstrap>", line 1360, in _find_and_load
  File "<frozen importlib._bootstrap>", line 1331, in _find_and_load_unlocked
  File "<frozen importlib._bootstrap>", line 935, in _load_unlocked
  File "<frozen importlib._bootstrap_external>", line 995, in exec_module
  File "<frozen importlib._bootstrap>", line 488, in _call_with_frames_removed
  File "/root/verticebook/reservations/urls_guest_checkin.py", line 4, in <module>
    path('', views_checkin.GuestCheckInView.as_view(), name='guest_checkin'),
    ^^^^
NameError: name 'path' is not defined
[2026-04-22 17:31:21 +0000] [41778] [ERROR] Error handling request GET /checkin/0032bcd1-42fb-49f1-85a7-9e69b0ab6d3d/
Traceback (most recent call last):
  File "/root/verticebook/.venv/lib/python3.12/site-packages/django/core/handlers/exception.py", line 55, in inner
    response = get_response(request)
               ^^^^^^^^^^^^^^^^^^^^^
  File "/root/verticebook/.venv/lib/python3.12/site-packages/django/utils/deprecation.py", line 308, in __call__
    response = self.process_request(request)
               ^^^^^^^^^^^^^^^^^^^^^^^^^^^^^
  File "/root/verticebook/.venv/lib/python3.12/site-packages/django/middleware/locale.py", line 24, in process_request
    ) = is_language_prefix_patterns_used(urlconf)
        ^^^^^^^^^^^^^^^^^^^^^^^^^^^^^^^^^^^^^^^^^
  File "/root/verticebook/.venv/lib/python3.12/site-packages/django/conf/urls/i18n.py", line 31, in is_language_prefix_patterns_used
    for url_pattern in get_resolver(urlconf).url_patterns:
                       ^^^^^^^^^^^^^^^^^^^^^^^^^^^^^^^^^^
  File "/root/verticebook/.venv/lib/python3.12/site-packages/django/utils/functional.py", line 47, in __get__
    res = instance.__dict__[self.name] = self.func(instance)
                                         ^^^^^^^^^^^^^^^^^^^
  File "/root/verticebook/.venv/lib/python3.12/site-packages/django/urls/resolvers.py", line 729, in url_patterns
    patterns = getattr(self.urlconf_module, "urlpatterns", self.urlconf_module)
                       ^^^^^^^^^^^^^^^^^^^
  File "/root/verticebook/.venv/lib/python3.12/site-packages/django/utils/functional.py", line 47, in __get__
    res = instance.__dict__[self.name] = self.func(instance)
                                         ^^^^^^^^^^^^^^^^^^^
  File "/root/verticebook/.venv/lib/python3.12/site-packages/django/urls/resolvers.py", line 722, in urlconf_module
    return import_module(self.urlconf_name)
           ^^^^^^^^^^^^^^^^^^^^^^^^^^^^^^^^
  File "/usr/lib/python3.12/importlib/__init__.py", line 90, in import_module
    return _bootstrap._gcd_import(name[level:], package, level)
           ^^^^^^^^^^^^^^^^^^^^^^^^^^^^^^^^^^^^^^^^^^^^^^^^^^^^
  File "<frozen importlib._bootstrap>", line 1387, in _gcd_import
  File "<frozen importlib._bootstrap>", line 1360, in _find_and_load
  File "<frozen importlib._bootstrap>", line 1331, in _find_and_load_unlocked
  File "<frozen importlib._bootstrap>", line 935, in _load_unlocked
  File "<frozen importlib._bootstrap_external>", line 995, in exec_module
  File "<frozen importlib._bootstrap>", line 488, in _call_with_frames_removed
  File "/root/verticebook/verticebook/urls.py", line 14, in <module>
    path('checkin/<uuid:token>/', include('reservations.urls_guest_checkin')), # We'll create this or use GuestCheckInView directly
                                  ^^^^^^^^^^^^^^^^^^^^^^^^^^^^^^^^^^^^^^^^^^
  File "/root/verticebook/.venv/lib/python3.12/site-packages/django/urls/conf.py", line 39, in include
    urlconf_module = import_module(urlconf_module)
                     ^^^^^^^^^^^^^^^^^^^^^^^^^^^^^
  File "/usr/lib/python3.12/importlib/__init__.py", line 90, in import_module
    return _bootstrap._gcd_import(name[level:], package, level)
           ^^^^^^^^^^^^^^^^^^^^^^^^^^^^^^^^^^^^^^^^^^^^^^^^^^^^
  File "<frozen importlib._bootstrap>", line 1387, in _gcd_import
  File "<frozen importlib._bootstrap>", line 1360, in _find_and_load
  File "<frozen importlib._bootstrap>", line 1331, in _find_and_load_unlocked
  File "<frozen importlib._bootstrap>", line 935, in _load_unlocked
  File "<frozen importlib._bootstrap_external>", line 995, in exec_module
  File "<frozen importlib._bootstrap>", line 488, in _call_with_frames_removed
  File "/root/verticebook/reservations/urls_guest_checkin.py", line 4, in <module>
    path('', views_checkin.GuestCheckInView.as_view(), name='guest_checkin'),
    ^^^^
NameError: name 'path' is not defined

During handling of the above exception, another exception occurred:

Traceback (most recent call last):
  File "/root/verticebook/.venv/lib/python3.12/site-packages/django/core/handlers/exception.py", line 55, in inner
    response = get_response(request)
               ^^^^^^^^^^^^^^^^^^^^^
  File "/root/verticebook/.venv/lib/python3.12/site-packages/django/utils/deprecation.py", line 309, in __call__
    response = response or self.get_response(request)
                           ^^^^^^^^^^^^^^^^^^^^^^^^^^
  File "/root/verticebook/.venv/lib/python3.12/site-packages/django/core/handlers/exception.py", line 57, in inner
    response = response_for_exception(request, exc)
               ^^^^^^^^^^^^^^^^^^^^^^^^^^^^^^^^^^^^
  File "/root/verticebook/.venv/lib/python3.12/site-packages/django/core/handlers/exception.py", line 141, in response_for_exception
    response = handle_uncaught_exception(
               ^^^^^^^^^^^^^^^^^^^^^^^^^^
  File "/root/verticebook/.venv/lib/python3.12/site-packages/django/core/handlers/exception.py", line 182, in handle_uncaught_exception
    return debug.technical_500_response(request, *exc_info)
           ^^^^^^^^^^^^^^^^^^^^^^^^^^^^^^^^^^^^^^^^^^^^^^^^
  File "/root/verticebook/.venv/lib/python3.12/site-packages/django/views/decorators/csp.py", line 21, in _wrapped_sync_view
    response = view_func(request, *args, **kwargs)
               ^^^^^^^^^^^^^^^^^^^^^^^^^^^^^^^^^^^
  File "/root/verticebook/.venv/lib/python3.12/site-packages/django/views/decorators/csp.py", line 21, in _wrapped_sync_view
    response = view_func(request, *args, **kwargs)
               ^^^^^^^^^^^^^^^^^^^^^^^^^^^^^^^^^^^
  File "/root/verticebook/.venv/lib/python3.12/site-packages/django/views/debug.py", line 73, in technical_500_response
    html = reporter.get_traceback_html()
           ^^^^^^^^^^^^^^^^^^^^^^^^^^^^^
  File "/root/verticebook/.venv/lib/python3.12/site-packages/django/views/debug.py", line 435, in get_traceback_html
    c = Context(self.get_traceback_data(), use_l10n=False)
                ^^^^^^^^^^^^^^^^^^^^^^^^^
  File "/root/verticebook/.venv/lib/python3.12/site-packages/django/views/debug.py", line 416, in get_traceback_data
    c["raising_view_name"] = get_caller(self.request)
                             ^^^^^^^^^^^^^^^^^^^^^^^^
  File "/root/verticebook/.venv/lib/python3.12/site-packages/django/views/debug.py", line 106, in get_caller
    resolver_match = resolve(request.path)
                     ^^^^^^^^^^^^^^^^^^^^^
  File "/root/verticebook/.venv/lib/python3.12/site-packages/django/urls/base.py", line 25, in resolve
    return get_resolver(urlconf).resolve(path)
           ^^^^^^^^^^^^^^^^^^^^^^^^^^^^^^^^^^^
  File "/root/verticebook/.venv/lib/python3.12/site-packages/django/urls/resolvers.py", line 676, in resolve
    for pattern in self.url_patterns:
                   ^^^^^^^^^^^^^^^^^
  File "/root/verticebook/.venv/lib/python3.12/site-packages/django/utils/functional.py", line 47, in __get__
    res = instance.__dict__[self.name] = self.func(instance)
                                         ^^^^^^^^^^^^^^^^^^^
  File "/root/verticebook/.venv/lib/python3.12/site-packages/django/urls/resolvers.py", line 729, in url_patterns
    patterns = getattr(self.urlconf_module, "urlpatterns", self.urlconf_module)
                       ^^^^^^^^^^^^^^^^^^^
  File "/root/verticebook/.venv/lib/python3.12/site-packages/django/utils/functional.py", line 47, in __get__
    res = instance.__dict__[self.name] = self.func(instance)
                                         ^^^^^^^^^^^^^^^^^^^
  File "/root/verticebook/.venv/lib/python3.12/site-packages/django/urls/resolvers.py", line 722, in urlconf_module
    return import_module(self.urlconf_name)
           ^^^^^^^^^^^^^^^^^^^^^^^^^^^^^^^^
  File "/usr/lib/python3.12/importlib/__init__.py", line 90, in import_module
    return _bootstrap._gcd_import(name[level:], package, level)
           ^^^^^^^^^^^^^^^^^^^^^^^^^^^^^^^^^^^^^^^^^^^^^^^^^^^^
  File "<frozen importlib._bootstrap>", line 1387, in _gcd_import
  File "<frozen importlib._bootstrap>", line 1360, in _find_and_load
  File "<frozen importlib._bootstrap>", line 1331, in _find_and_load_unlocked
  File "<frozen importlib._bootstrap>", line 935, in _load_unlocked
  File "<frozen importlib._bootstrap_external>", line 995, in exec_module
  File "<frozen importlib._bootstrap>", line 488, in _call_with_frames_removed
  File "/root/verticebook/verticebook/urls.py", line 14, in <module>
    path('checkin/<uuid:token>/', include('reservations.urls_guest_checkin')), # We'll create this or use GuestCheckInView directly
                                  ^^^^^^^^^^^^^^^^^^^^^^^^^^^^^^^^^^^^^^^^^^
  File "/root/verticebook/.venv/lib/python3.12/site-packages/django/urls/conf.py", line 39, in include
    urlconf_module = import_module(urlconf_module)
                     ^^^^^^^^^^^^^^^^^^^^^^^^^^^^^
  File "/usr/lib/python3.12/importlib/__init__.py", line 90, in import_module
    return _bootstrap._gcd_import(name[level:], package, level)
           ^^^^^^^^^^^^^^^^^^^^^^^^^^^^^^^^^^^^^^^^^^^^^^^^^^^^
  File "<frozen importlib._bootstrap>", line 1387, in _gcd_import
  File "<frozen importlib._bootstrap>", line 1360, in _find_and_load
  File "<frozen importlib._bootstrap>", line 1331, in _find_and_load_unlocked
  File "<frozen importlib._bootstrap>", line 935, in _load_unlocked
  File "<frozen importlib._bootstrap_external>", line 995, in exec_module
  File "<frozen importlib._bootstrap>", line 488, in _call_with_frames_removed
  File "/root/verticebook/reservations/urls_guest_checkin.py", line 4, in <module>
    path('', views_checkin.GuestCheckInView.as_view(), name='guest_checkin'),
    ^^^^
NameError: name 'path' is not defined

During handling of the above exception, another exception occurred:

Traceback (most recent call last):
  File "/root/verticebook/.venv/lib/python3.12/site-packages/django/core/handlers/exception.py", line 55, in inner
    response = get_response(request)
               ^^^^^^^^^^^^^^^^^^^^^
  File "/root/verticebook/.venv/lib/python3.12/site-packages/django/utils/deprecation.py", line 309, in __call__
    response = response or self.get_response(request)
                           ^^^^^^^^^^^^^^^^^^^^^^^^^^
  File "/root/verticebook/.venv/lib/python3.12/site-packages/django/core/handlers/exception.py", line 57, in inner
    response = response_for_exception(request, exc)
               ^^^^^^^^^^^^^^^^^^^^^^^^^^^^^^^^^^^^
  File "/root/verticebook/.venv/lib/python3.12/site-packages/django/core/handlers/exception.py", line 141, in response_for_exception
    response = handle_uncaught_exception(
               ^^^^^^^^^^^^^^^^^^^^^^^^^^
  File "/root/verticebook/.venv/lib/python3.12/site-packages/django/core/handlers/exception.py", line 182, in handle_uncaught_exception
    return debug.technical_500_response(request, *exc_info)
           ^^^^^^^^^^^^^^^^^^^^^^^^^^^^^^^^^^^^^^^^^^^^^^^^
  File "/root/verticebook/.venv/lib/python3.12/site-packages/django/views/decorators/csp.py", line 21, in _wrapped_sync_view
    response = view_func(request, *args, **kwargs)
               ^^^^^^^^^^^^^^^^^^^^^^^^^^^^^^^^^^^
  File "/root/verticebook/.venv/lib/python3.12/site-packages/django/views/decorators/csp.py", line 21, in _wrapped_sync_view
    response = view_func(request, *args, **kwargs)
               ^^^^^^^^^^^^^^^^^^^^^^^^^^^^^^^^^^^
  File "/root/verticebook/.venv/lib/python3.12/site-packages/django/views/debug.py", line 73, in technical_500_response
    html = reporter.get_traceback_html()
           ^^^^^^^^^^^^^^^^^^^^^^^^^^^^^
  File "/root/verticebook/.venv/lib/python3.12/site-packages/django/views/debug.py", line 435, in get_traceback_html
    c = Context(self.get_traceback_data(), use_l10n=False)
                ^^^^^^^^^^^^^^^^^^^^^^^^^
  File "/root/verticebook/.venv/lib/python3.12/site-packages/django/views/debug.py", line 416, in get_traceback_data
    c["raising_view_name"] = get_caller(self.request)
                             ^^^^^^^^^^^^^^^^^^^^^^^^
  File "/root/verticebook/.venv/lib/python3.12/site-packages/django/views/debug.py", line 106, in get_caller
    resolver_match = resolve(request.path)
                     ^^^^^^^^^^^^^^^^^^^^^
  File "/root/verticebook/.venv/lib/python3.12/site-packages/django/urls/base.py", line 25, in resolve
    return get_resolver(urlconf).resolve(path)
           ^^^^^^^^^^^^^^^^^^^^^^^^^^^^^^^^^^^
  File "/root/verticebook/.venv/lib/python3.12/site-packages/django/urls/resolvers.py", line 676, in resolve
    for pattern in self.url_patterns:
                   ^^^^^^^^^^^^^^^^^
  File "/root/verticebook/.venv/lib/python3.12/site-packages/django/utils/functional.py", line 47, in __get__
    res = instance.__dict__[self.name] = self.func(instance)
                                         ^^^^^^^^^^^^^^^^^^^
  File "/root/verticebook/.venv/lib/python3.12/site-packages/django/urls/resolvers.py", line 729, in url_patterns
    patterns = getattr(self.urlconf_module, "urlpatterns", self.urlconf_module)
                       ^^^^^^^^^^^^^^^^^^^
  File "/root/verticebook/.venv/lib/python3.12/site-packages/django/utils/functional.py", line 47, in __get__
    res = instance.__dict__[self.name] = self.func(instance)
                                         ^^^^^^^^^^^^^^^^^^^
  File "/root/verticebook/.venv/lib/python3.12/site-packages/django/urls/resolvers.py", line 722, in urlconf_module
    return import_module(self.urlconf_name)
           ^^^^^^^^^^^^^^^^^^^^^^^^^^^^^^^^
  File "/usr/lib/python3.12/importlib/__init__.py", line 90, in import_module
    return _bootstrap._gcd_import(name[level:], package, level)
           ^^^^^^^^^^^^^^^^^^^^^^^^^^^^^^^^^^^^^^^^^^^^^^^^^^^^
  File "<frozen importlib._bootstrap>", line 1387, in _gcd_import
  File "<frozen importlib._bootstrap>", line 1360, in _find_and_load
  File "<frozen importlib._bootstrap>", line 1331, in _find_and_load_unlocked
  File "<frozen importlib._bootstrap>", line 935, in _load_unlocked
  File "<frozen importlib._bootstrap_external>", line 995, in exec_module
  File "<frozen importlib._bootstrap>", line 488, in _call_with_frames_removed
  File "/root/verticebook/verticebook/urls.py", line 14, in <module>
    path('checkin/<uuid:token>/', include('reservations.urls_guest_checkin')), # We'll create this or use GuestCheckInView directly
                                  ^^^^^^^^^^^^^^^^^^^^^^^^^^^^^^^^^^^^^^^^^^
  File "/root/verticebook/.venv/lib/python3.12/site-packages/django/urls/conf.py", line 39, in include
    urlconf_module = import_module(urlconf_module)
                     ^^^^^^^^^^^^^^^^^^^^^^^^^^^^^
  File "/usr/lib/python3.12/importlib/__init__.py", line 90, in import_module
    return _bootstrap._gcd_import(name[level:], package, level)
           ^^^^^^^^^^^^^^^^^^^^^^^^^^^^^^^^^^^^^^^^^^^^^^^^^^^^
  File "<frozen importlib._bootstrap>", line 1387, in _gcd_import
  File "<frozen importlib._bootstrap>", line 1360, in _find_and_load
  File "<frozen importlib._bootstrap>", line 1331, in _find_and_load_unlocked
  File "<frozen importlib._bootstrap>", line 935, in _load_unlocked
  File "<frozen importlib._bootstrap_external>", line 995, in exec_module
  File "<frozen importlib._bootstrap>", line 488, in _call_with_frames_removed
  File "/root/verticebook/reservations/urls_guest_checkin.py", line 4, in <module>
    path('', views_checkin.GuestCheckInView.as_view(), name='guest_checkin'),
    ^^^^
NameError: name 'path' is not defined

During handling of the above exception, another exception occurred:

Traceback (most recent call last):
  File "/root/verticebook/.venv/lib/python3.12/site-packages/gunicorn/workers/sync.py", line 142, in handle
    self.handle_request(listener, req, client, addr)
  File "/root/verticebook/.venv/lib/python3.12/site-packages/gunicorn/workers/sync.py", line 185, in handle_request
    respiter = self.wsgi(environ, resp.start_response)
               ^^^^^^^^^^^^^^^^^^^^^^^^^^^^^^^^^^^^^^^
  File "/root/verticebook/.venv/lib/python3.12/site-packages/django/core/handlers/wsgi.py", line 124, in __call__
    response = self.get_response(request)
               ^^^^^^^^^^^^^^^^^^^^^^^^^^
  File "/root/verticebook/.venv/lib/python3.12/site-packages/django/core/handlers/base.py", line 141, in get_response
    response = self._middleware_chain(request)
               ^^^^^^^^^^^^^^^^^^^^^^^^^^^^^^^
  File "/root/verticebook/.venv/lib/python3.12/site-packages/django/core/handlers/exception.py", line 57, in inner
    response = response_for_exception(request, exc)
               ^^^^^^^^^^^^^^^^^^^^^^^^^^^^^^^^^^^^
  File "/root/verticebook/.venv/lib/python3.12/site-packages/django/core/handlers/exception.py", line 141, in response_for_exception
    response = handle_uncaught_exception(
               ^^^^^^^^^^^^^^^^^^^^^^^^^^
  File "/root/verticebook/.venv/lib/python3.12/site-packages/django/core/handlers/exception.py", line 182, in handle_uncaught_exception
    return debug.technical_500_response(request, *exc_info)
           ^^^^^^^^^^^^^^^^^^^^^^^^^^^^^^^^^^^^^^^^^^^^^^^^
  File "/root/verticebook/.venv/lib/python3.12/site-packages/django/views/decorators/csp.py", line 21, in _wrapped_sync_view
    response = view_func(request, *args, **kwargs)
               ^^^^^^^^^^^^^^^^^^^^^^^^^^^^^^^^^^^
  File "/root/verticebook/.venv/lib/python3.12/site-packages/django/views/decorators/csp.py", line 21, in _wrapped_sync_view
    response = view_func(request, *args, **kwargs)
               ^^^^^^^^^^^^^^^^^^^^^^^^^^^^^^^^^^^
  File "/root/verticebook/.venv/lib/python3.12/site-packages/django/views/debug.py", line 73, in technical_500_response
    html = reporter.get_traceback_html()
           ^^^^^^^^^^^^^^^^^^^^^^^^^^^^^
  File "/root/verticebook/.venv/lib/python3.12/site-packages/django/views/debug.py", line 435, in get_traceback_html
    c = Context(self.get_traceback_data(), use_l10n=False)
                ^^^^^^^^^^^^^^^^^^^^^^^^^
  File "/root/verticebook/.venv/lib/python3.12/site-packages/django/views/debug.py", line 416, in get_traceback_data
    c["raising_view_name"] = get_caller(self.request)
                             ^^^^^^^^^^^^^^^^^^^^^^^^
  File "/root/verticebook/.venv/lib/python3.12/site-packages/django/views/debug.py", line 106, in get_caller
    resolver_match = resolve(request.path)
                     ^^^^^^^^^^^^^^^^^^^^^
  File "/root/verticebook/.venv/lib/python3.12/site-packages/django/urls/base.py", line 25, in resolve
    return get_resolver(urlconf).resolve(path)
           ^^^^^^^^^^^^^^^^^^^^^^^^^^^^^^^^^^^
  File "/root/verticebook/.venv/lib/python3.12/site-packages/django/urls/resolvers.py", line 676, in resolve
    for pattern in self.url_patterns:
                   ^^^^^^^^^^^^^^^^^
  File "/root/verticebook/.venv/lib/python3.12/site-packages/django/utils/functional.py", line 47, in __get__
    res = instance.__dict__[self.name] = self.func(instance)
                                         ^^^^^^^^^^^^^^^^^^^
  File "/root/verticebook/.venv/lib/python3.12/site-packages/django/urls/resolvers.py", line 729, in url_patterns
    patterns = getattr(self.urlconf_module, "urlpatterns", self.urlconf_module)
                       ^^^^^^^^^^^^^^^^^^^
  File "/root/verticebook/.venv/lib/python3.12/site-packages/django/utils/functional.py", line 47, in __get__
    res = instance.__dict__[self.name] = self.func(instance)
                                         ^^^^^^^^^^^^^^^^^^^
  File "/root/verticebook/.venv/lib/python3.12/site-packages/django/urls/resolvers.py", line 722, in urlconf_module
    return import_module(self.urlconf_name)
           ^^^^^^^^^^^^^^^^^^^^^^^^^^^^^^^^
  File "/usr/lib/python3.12/importlib/__init__.py", line 90, in import_module
    return _bootstrap._gcd_import(name[level:], package, level)
           ^^^^^^^^^^^^^^^^^^^^^^^^^^^^^^^^^^^^^^^^^^^^^^^^^^^^
  File "<frozen importlib._bootstrap>", line 1387, in _gcd_import
  File "<frozen importlib._bootstrap>", line 1360, in _find_and_load
  File "<frozen importlib._bootstrap>", line 1331, in _find_and_load_unlocked
  File "<frozen importlib._bootstrap>", line 935, in _load_unlocked
  File "<frozen importlib._bootstrap_external>", line 995, in exec_module
  File "<frozen importlib._bootstrap>", line 488, in _call_with_frames_removed
  File "/root/verticebook/verticebook/urls.py", line 14, in <module>
    path('checkin/<uuid:token>/', include('reservations.urls_guest_checkin')), # We'll create this or use GuestCheckInView directly
                                  ^^^^^^^^^^^^^^^^^^^^^^^^^^^^^^^^^^^^^^^^^^
  File "/root/verticebook/.venv/lib/python3.12/site-packages/django/urls/conf.py", line 39, in include
    urlconf_module = import_module(urlconf_module)
                     ^^^^^^^^^^^^^^^^^^^^^^^^^^^^^
  File "/usr/lib/python3.12/importlib/__init__.py", line 90, in import_module
    return _bootstrap._gcd_import(name[level:], package, level)
           ^^^^^^^^^^^^^^^^^^^^^^^^^^^^^^^^^^^^^^^^^^^^^^^^^^^^
  File "<frozen importlib._bootstrap>", line 1387, in _gcd_import
  File "<frozen importlib._bootstrap>", line 1360, in _find_and_load
  File "<frozen importlib._bootstrap>", line 1331, in _find_and_load_unlocked
  File "<frozen importlib._bootstrap>", line 935, in _load_unlocked
  File "<frozen importlib._bootstrap_external>", line 995, in exec_module
  File "<frozen importlib._bootstrap>", line 488, in _call_with_frames_removed
  File "/root/verticebook/reservations/urls_guest_checkin.py", line 4, in <module>
    path('', views_checkin.GuestCheckInView.as_view(), name='guest_checkin'),
    ^^^^
NameError: name 'path' is not defined
[2026-04-22 17:31:29 +0000] [41780] [ERROR] Error handling request GET /propriedades/5/instrucoes/
Traceback (most recent call last):
  File "/root/verticebook/.venv/lib/python3.12/site-packages/django/core/handlers/exception.py", line 55, in inner
    response = get_response(request)
               ^^^^^^^^^^^^^^^^^^^^^
  File "/root/verticebook/.venv/lib/python3.12/site-packages/django/utils/deprecation.py", line 308, in __call__
    response = self.process_request(request)
               ^^^^^^^^^^^^^^^^^^^^^^^^^^^^^
  File "/root/verticebook/.venv/lib/python3.12/site-packages/django/middleware/locale.py", line 24, in process_request
    ) = is_language_prefix_patterns_used(urlconf)
        ^^^^^^^^^^^^^^^^^^^^^^^^^^^^^^^^^^^^^^^^^
  File "/root/verticebook/.venv/lib/python3.12/site-packages/django/conf/urls/i18n.py", line 31, in is_language_prefix_patterns_used
    for url_pattern in get_resolver(urlconf).url_patterns:
                       ^^^^^^^^^^^^^^^^^^^^^^^^^^^^^^^^^^
  File "/root/verticebook/.venv/lib/python3.12/site-packages/django/utils/functional.py", line 47, in __get__
    res = instance.__dict__[self.name] = self.func(instance)
                                         ^^^^^^^^^^^^^^^^^^^
  File "/root/verticebook/.venv/lib/python3.12/site-packages/django/urls/resolvers.py", line 729, in url_patterns
    patterns = getattr(self.urlconf_module, "urlpatterns", self.urlconf_module)
                       ^^^^^^^^^^^^^^^^^^^
  File "/root/verticebook/.venv/lib/python3.12/site-packages/django/utils/functional.py", line 47, in __get__
    res = instance.__dict__[self.name] = self.func(instance)
                                         ^^^^^^^^^^^^^^^^^^^
  File "/root/verticebook/.venv/lib/python3.12/site-packages/django/urls/resolvers.py", line 722, in urlconf_module
    return import_module(self.urlconf_name)
           ^^^^^^^^^^^^^^^^^^^^^^^^^^^^^^^^
  File "/usr/lib/python3.12/importlib/__init__.py", line 90, in import_module
    return _bootstrap._gcd_import(name[level:], package, level)
           ^^^^^^^^^^^^^^^^^^^^^^^^^^^^^^^^^^^^^^^^^^^^^^^^^^^^
  File "<frozen importlib._bootstrap>", line 1387, in _gcd_import
  File "<frozen importlib._bootstrap>", line 1360, in _find_and_load
  File "<frozen importlib._bootstrap>", line 1331, in _find_and_load_unlocked
  File "<frozen importlib._bootstrap>", line 935, in _load_unlocked
  File "<frozen importlib._bootstrap_external>", line 995, in exec_module
  File "<frozen importlib._bootstrap>", line 488, in _call_with_frames_removed
  File "/root/verticebook/verticebook/urls.py", line 14, in <module>
    path('checkin/<uuid:token>/', include('reservations.urls_guest_checkin')), # We'll create this or use GuestCheckInView directly
                                  ^^^^^^^^^^^^^^^^^^^^^^^^^^^^^^^^^^^^^^^^^^
  File "/root/verticebook/.venv/lib/python3.12/site-packages/django/urls/conf.py", line 39, in include
    urlconf_module = import_module(urlconf_module)
                     ^^^^^^^^^^^^^^^^^^^^^^^^^^^^^
  File "/usr/lib/python3.12/importlib/__init__.py", line 90, in import_module
    return _bootstrap._gcd_import(name[level:], package, level)
           ^^^^^^^^^^^^^^^^^^^^^^^^^^^^^^^^^^^^^^^^^^^^^^^^^^^^
  File "<frozen importlib._bootstrap>", line 1387, in _gcd_import
  File "<frozen importlib._bootstrap>", line 1360, in _find_and_load
  File "<frozen importlib._bootstrap>", line 1331, in _find_and_load_unlocked
  File "<frozen importlib._bootstrap>", line 935, in _load_unlocked
  File "<frozen importlib._bootstrap_external>", line 995, in exec_module
  File "<frozen importlib._bootstrap>", line 488, in _call_with_frames_removed
  File "/root/verticebook/reservations/urls_guest_checkin.py", line 4, in <module>
    path('', views_checkin.GuestCheckInView.as_view(), name='guest_checkin'),
    ^^^^
NameError: name 'path' is not defined

During handling of the above exception, another exception occurred:

Traceback (most recent call last):
  File "/root/verticebook/.venv/lib/python3.12/site-packages/django/core/handlers/exception.py", line 55, in inner
    response = get_response(request)
               ^^^^^^^^^^^^^^^^^^^^^
  File "/root/verticebook/.venv/lib/python3.12/site-packages/django/utils/deprecation.py", line 309, in __call__
    response = response or self.get_response(request)
                           ^^^^^^^^^^^^^^^^^^^^^^^^^^
  File "/root/verticebook/.venv/lib/python3.12/site-packages/django/core/handlers/exception.py", line 57, in inner
    response = response_for_exception(request, exc)
               ^^^^^^^^^^^^^^^^^^^^^^^^^^^^^^^^^^^^
  File "/root/verticebook/.venv/lib/python3.12/site-packages/django/core/handlers/exception.py", line 141, in response_for_exception
    response = handle_uncaught_exception(
               ^^^^^^^^^^^^^^^^^^^^^^^^^^
  File "/root/verticebook/.venv/lib/python3.12/site-packages/django/core/handlers/exception.py", line 182, in handle_uncaught_exception
    return debug.technical_500_response(request, *exc_info)
           ^^^^^^^^^^^^^^^^^^^^^^^^^^^^^^^^^^^^^^^^^^^^^^^^
  File "/root/verticebook/.venv/lib/python3.12/site-packages/django/views/decorators/csp.py", line 21, in _wrapped_sync_view
    response = view_func(request, *args, **kwargs)
               ^^^^^^^^^^^^^^^^^^^^^^^^^^^^^^^^^^^
  File "/root/verticebook/.venv/lib/python3.12/site-packages/django/views/decorators/csp.py", line 21, in _wrapped_sync_view
    response = view_func(request, *args, **kwargs)
               ^^^^^^^^^^^^^^^^^^^^^^^^^^^^^^^^^^^
  File "/root/verticebook/.venv/lib/python3.12/site-packages/django/views/debug.py", line 73, in technical_500_response
    html = reporter.get_traceback_html()
           ^^^^^^^^^^^^^^^^^^^^^^^^^^^^^
  File "/root/verticebook/.venv/lib/python3.12/site-packages/django/views/debug.py", line 435, in get_traceback_html
    c = Context(self.get_traceback_data(), use_l10n=False)
                ^^^^^^^^^^^^^^^^^^^^^^^^^
  File "/root/verticebook/.venv/lib/python3.12/site-packages/django/views/debug.py", line 416, in get_traceback_data
    c["raising_view_name"] = get_caller(self.request)
                             ^^^^^^^^^^^^^^^^^^^^^^^^
  File "/root/verticebook/.venv/lib/python3.12/site-packages/django/views/debug.py", line 106, in get_caller
    resolver_match = resolve(request.path)
                     ^^^^^^^^^^^^^^^^^^^^^
  File "/root/verticebook/.venv/lib/python3.12/site-packages/django/urls/base.py", line 25, in resolve
    return get_resolver(urlconf).resolve(path)
           ^^^^^^^^^^^^^^^^^^^^^^^^^^^^^^^^^^^
  File "/root/verticebook/.venv/lib/python3.12/site-packages/django/urls/resolvers.py", line 676, in resolve
    for pattern in self.url_patterns:
                   ^^^^^^^^^^^^^^^^^
  File "/root/verticebook/.venv/lib/python3.12/site-packages/django/utils/functional.py", line 47, in __get__
    res = instance.__dict__[self.name] = self.func(instance)
                                         ^^^^^^^^^^^^^^^^^^^
  File "/root/verticebook/.venv/lib/python3.12/site-packages/django/urls/resolvers.py", line 729, in url_patterns
    patterns = getattr(self.urlconf_module, "urlpatterns", self.urlconf_module)
                       ^^^^^^^^^^^^^^^^^^^
  File "/root/verticebook/.venv/lib/python3.12/site-packages/django/utils/functional.py", line 47, in __get__
    res = instance.__dict__[self.name] = self.func(instance)
                                         ^^^^^^^^^^^^^^^^^^^
  File "/root/verticebook/.venv/lib/python3.12/site-packages/django/urls/resolvers.py", line 722, in urlconf_module
    return import_module(self.urlconf_name)
           ^^^^^^^^^^^^^^^^^^^^^^^^^^^^^^^^
  File "/usr/lib/python3.12/importlib/__init__.py", line 90, in import_module
    return _bootstrap._gcd_import(name[level:], package, level)
           ^^^^^^^^^^^^^^^^^^^^^^^^^^^^^^^^^^^^^^^^^^^^^^^^^^^^
  File "<frozen importlib._bootstrap>", line 1387, in _gcd_import
  File "<frozen importlib._bootstrap>", line 1360, in _find_and_load
  File "<frozen importlib._bootstrap>", line 1331, in _find_and_load_unlocked
  File "<frozen importlib._bootstrap>", line 935, in _load_unlocked
  File "<frozen importlib._bootstrap_external>", line 995, in exec_module
  File "<frozen importlib._bootstrap>", line 488, in _call_with_frames_removed
  File "/root/verticebook/verticebook/urls.py", line 14, in <module>
    path('checkin/<uuid:token>/', include('reservations.urls_guest_checkin')), # We'll create this or use GuestCheckInView directly
                                  ^^^^^^^^^^^^^^^^^^^^^^^^^^^^^^^^^^^^^^^^^^
  File "/root/verticebook/.venv/lib/python3.12/site-packages/django/urls/conf.py", line 39, in include
    urlconf_module = import_module(urlconf_module)
                     ^^^^^^^^^^^^^^^^^^^^^^^^^^^^^
  File "/usr/lib/python3.12/importlib/__init__.py", line 90, in import_module
    return _bootstrap._gcd_import(name[level:], package, level)
           ^^^^^^^^^^^^^^^^^^^^^^^^^^^^^^^^^^^^^^^^^^^^^^^^^^^^
  File "<frozen importlib._bootstrap>", line 1387, in _gcd_import
  File "<frozen importlib._bootstrap>", line 1360, in _find_and_load
  File "<frozen importlib._bootstrap>", line 1331, in _find_and_load_unlocked
  File "<frozen importlib._bootstrap>", line 935, in _load_unlocked
  File "<frozen importlib._bootstrap_external>", line 995, in exec_module
  File "<frozen importlib._bootstrap>", line 488, in _call_with_frames_removed
  File "/root/verticebook/reservations/urls_guest_checkin.py", line 4, in <module>
    path('', views_checkin.GuestCheckInView.as_view(), name='guest_checkin'),
    ^^^^
NameError: name 'path' is not defined

During handling of the above exception, another exception occurred:

Traceback (most recent call last):
  File "/root/verticebook/.venv/lib/python3.12/site-packages/django/core/handlers/exception.py", line 55, in inner
    response = get_response(request)
               ^^^^^^^^^^^^^^^^^^^^^
  File "/root/verticebook/.venv/lib/python3.12/site-packages/django/utils/deprecation.py", line 309, in __call__
    response = response or self.get_response(request)
                           ^^^^^^^^^^^^^^^^^^^^^^^^^^
  File "/root/verticebook/.venv/lib/python3.12/site-packages/django/core/handlers/exception.py", line 57, in inner
    response = response_for_exception(request, exc)
               ^^^^^^^^^^^^^^^^^^^^^^^^^^^^^^^^^^^^
  File "/root/verticebook/.venv/lib/python3.12/site-packages/django/core/handlers/exception.py", line 141, in response_for_exception
    response = handle_uncaught_exception(
               ^^^^^^^^^^^^^^^^^^^^^^^^^^
  File "/root/verticebook/.venv/lib/python3.12/site-packages/django/core/handlers/exception.py", line 182, in handle_uncaught_exception
    return debug.technical_500_response(request, *exc_info)
           ^^^^^^^^^^^^^^^^^^^^^^^^^^^^^^^^^^^^^^^^^^^^^^^^
  File "/root/verticebook/.venv/lib/python3.12/site-packages/django/views/decorators/csp.py", line 21, in _wrapped_sync_view
    response = view_func(request, *args, **kwargs)
               ^^^^^^^^^^^^^^^^^^^^^^^^^^^^^^^^^^^
  File "/root/verticebook/.venv/lib/python3.12/site-packages/django/views/decorators/csp.py", line 21, in _wrapped_sync_view
    response = view_func(request, *args, **kwargs)
               ^^^^^^^^^^^^^^^^^^^^^^^^^^^^^^^^^^^
  File "/root/verticebook/.venv/lib/python3.12/site-packages/django/views/debug.py", line 73, in technical_500_response
    html = reporter.get_traceback_html()
           ^^^^^^^^^^^^^^^^^^^^^^^^^^^^^
  File "/root/verticebook/.venv/lib/python3.12/site-packages/django/views/debug.py", line 435, in get_traceback_html
    c = Context(self.get_traceback_data(), use_l10n=False)
                ^^^^^^^^^^^^^^^^^^^^^^^^^
  File "/root/verticebook/.venv/lib/python3.12/site-packages/django/views/debug.py", line 416, in get_traceback_data
    c["raising_view_name"] = get_caller(self.request)
                             ^^^^^^^^^^^^^^^^^^^^^^^^
  File "/root/verticebook/.venv/lib/python3.12/site-packages/django/views/debug.py", line 106, in get_caller
    resolver_match = resolve(request.path)
                     ^^^^^^^^^^^^^^^^^^^^^
  File "/root/verticebook/.venv/lib/python3.12/site-packages/django/urls/base.py", line 25, in resolve
    return get_resolver(urlconf).resolve(path)
           ^^^^^^^^^^^^^^^^^^^^^^^^^^^^^^^^^^^
  File "/root/verticebook/.venv/lib/python3.12/site-packages/django/urls/resolvers.py", line 676, in resolve
    for pattern in self.url_patterns:
                   ^^^^^^^^^^^^^^^^^
  File "/root/verticebook/.venv/lib/python3.12/site-packages/django/utils/functional.py", line 47, in __get__
    res = instance.__dict__[self.name] = self.func(instance)
                                         ^^^^^^^^^^^^^^^^^^^
  File "/root/verticebook/.venv/lib/python3.12/site-packages/django/urls/resolvers.py", line 729, in url_patterns
    patterns = getattr(self.urlconf_module, "urlpatterns", self.urlconf_module)
                       ^^^^^^^^^^^^^^^^^^^
  File "/root/verticebook/.venv/lib/python3.12/site-packages/django/utils/functional.py", line 47, in __get__
    res = instance.__dict__[self.name] = self.func(instance)
                                         ^^^^^^^^^^^^^^^^^^^
  File "/root/verticebook/.venv/lib/python3.12/site-packages/django/urls/resolvers.py", line 722, in urlconf_module
    return import_module(self.urlconf_name)
           ^^^^^^^^^^^^^^^^^^^^^^^^^^^^^^^^
  File "/usr/lib/python3.12/importlib/__init__.py", line 90, in import_module
    return _bootstrap._gcd_import(name[level:], package, level)
           ^^^^^^^^^^^^^^^^^^^^^^^^^^^^^^^^^^^^^^^^^^^^^^^^^^^^
  File "<frozen importlib._bootstrap>", line 1387, in _gcd_import
  File "<frozen importlib._bootstrap>", line 1360, in _find_and_load
  File "<frozen importlib._bootstrap>", line 1331, in _find_and_load_unlocked
  File "<frozen importlib._bootstrap>", line 935, in _load_unlocked
  File "<frozen importlib._bootstrap_external>", line 995, in exec_module
  File "<frozen importlib._bootstrap>", line 488, in _call_with_frames_removed
  File "/root/verticebook/verticebook/urls.py", line 14, in <module>
    path('checkin/<uuid:token>/', include('reservations.urls_guest_checkin')), # We'll create this or use GuestCheckInView directly
                                  ^^^^^^^^^^^^^^^^^^^^^^^^^^^^^^^^^^^^^^^^^^
  File "/root/verticebook/.venv/lib/python3.12/site-packages/django/urls/conf.py", line 39, in include
    urlconf_module = import_module(urlconf_module)
                     ^^^^^^^^^^^^^^^^^^^^^^^^^^^^^
  File "/usr/lib/python3.12/importlib/__init__.py", line 90, in import_module
    return _bootstrap._gcd_import(name[level:], package, level)
           ^^^^^^^^^^^^^^^^^^^^^^^^^^^^^^^^^^^^^^^^^^^^^^^^^^^^
  File "<frozen importlib._bootstrap>", line 1387, in _gcd_import
  File "<frozen importlib._bootstrap>", line 1360, in _find_and_load
  File "<frozen importlib._bootstrap>", line 1331, in _find_and_load_unlocked
  File "<frozen importlib._bootstrap>", line 935, in _load_unlocked
  File "<frozen importlib._bootstrap_external>", line 995, in exec_module
  File "<frozen importlib._bootstrap>", line 488, in _call_with_frames_removed
  File "/root/verticebook/reservations/urls_guest_checkin.py", line 4, in <module>
    path('', views_checkin.GuestCheckInView.as_view(), name='guest_checkin'),
    ^^^^
NameError: name 'path' is not defined

During handling of the above exception, another exception occurred:

Traceback (most recent call last):
  File "/root/verticebook/.venv/lib/python3.12/site-packages/gunicorn/workers/sync.py", line 142, in handle
    self.handle_request(listener, req, client, addr)
  File "/root/verticebook/.venv/lib/python3.12/site-packages/gunicorn/workers/sync.py", line 185, in handle_request
    respiter = self.wsgi(environ, resp.start_response)
               ^^^^^^^^^^^^^^^^^^^^^^^^^^^^^^^^^^^^^^^
  File "/root/verticebook/.venv/lib/python3.12/site-packages/django/core/handlers/wsgi.py", line 124, in __call__
    response = self.get_response(request)
               ^^^^^^^^^^^^^^^^^^^^^^^^^^
  File "/root/verticebook/.venv/lib/python3.12/site-packages/django/core/handlers/base.py", line 141, in get_response
    response = self._middleware_chain(request)
               ^^^^^^^^^^^^^^^^^^^^^^^^^^^^^^^
  File "/root/verticebook/.venv/lib/python3.12/site-packages/django/core/handlers/exception.py", line 57, in inner
    response = response_for_exception(request, exc)
               ^^^^^^^^^^^^^^^^^^^^^^^^^^^^^^^^^^^^
  File "/root/verticebook/.venv/lib/python3.12/site-packages/django/core/handlers/exception.py", line 141, in response_for_exception
    response = handle_uncaught_exception(
               ^^^^^^^^^^^^^^^^^^^^^^^^^^
  File "/root/verticebook/.venv/lib/python3.12/site-packages/django/core/handlers/exception.py", line 182, in handle_uncaught_exception
    return debug.technical_500_response(request, *exc_info)
           ^^^^^^^^^^^^^^^^^^^^^^^^^^^^^^^^^^^^^^^^^^^^^^^^
  File "/root/verticebook/.venv/lib/python3.12/site-packages/django/views/decorators/csp.py", line 21, in _wrapped_sync_view
    response = view_func(request, *args, **kwargs)
               ^^^^^^^^^^^^^^^^^^^^^^^^^^^^^^^^^^^
  File "/root/verticebook/.venv/lib/python3.12/site-packages/django/views/decorators/csp.py", line 21, in _wrapped_sync_view
    response = view_func(request, *args, **kwargs)
               ^^^^^^^^^^^^^^^^^^^^^^^^^^^^^^^^^^^
  File "/root/verticebook/.venv/lib/python3.12/site-packages/django/views/debug.py", line 73, in technical_500_response
    html = reporter.get_traceback_html()
           ^^^^^^^^^^^^^^^^^^^^^^^^^^^^^
  File "/root/verticebook/.venv/lib/python3.12/site-packages/django/views/debug.py", line 435, in get_traceback_html
    c = Context(self.get_traceback_data(), use_l10n=False)
                ^^^^^^^^^^^^^^^^^^^^^^^^^
  File "/root/verticebook/.venv/lib/python3.12/site-packages/django/views/debug.py", line 416, in get_traceback_data
    c["raising_view_name"] = get_caller(self.request)
                             ^^^^^^^^^^^^^^^^^^^^^^^^
  File "/root/verticebook/.venv/lib/python3.12/site-packages/django/views/debug.py", line 106, in get_caller
    resolver_match = resolve(request.path)
                     ^^^^^^^^^^^^^^^^^^^^^
  File "/root/verticebook/.venv/lib/python3.12/site-packages/django/urls/base.py", line 25, in resolve
    return get_resolver(urlconf).resolve(path)
           ^^^^^^^^^^^^^^^^^^^^^^^^^^^^^^^^^^^
  File "/root/verticebook/.venv/lib/python3.12/site-packages/django/urls/resolvers.py", line 676, in resolve
    for pattern in self.url_patterns:
                   ^^^^^^^^^^^^^^^^^
  File "/root/verticebook/.venv/lib/python3.12/site-packages/django/utils/functional.py", line 47, in __get__
    res = instance.__dict__[self.name] = self.func(instance)
                                         ^^^^^^^^^^^^^^^^^^^
  File "/root/verticebook/.venv/lib/python3.12/site-packages/django/urls/resolvers.py", line 729, in url_patterns
    patterns = getattr(self.urlconf_module, "urlpatterns", self.urlconf_module)
                       ^^^^^^^^^^^^^^^^^^^
  File "/root/verticebook/.venv/lib/python3.12/site-packages/django/utils/functional.py", line 47, in __get__
    res = instance.__dict__[self.name] = self.func(instance)
                                         ^^^^^^^^^^^^^^^^^^^
  File "/root/verticebook/.venv/lib/python3.12/site-packages/django/urls/resolvers.py", line 722, in urlconf_module
    return import_module(self.urlconf_name)
           ^^^^^^^^^^^^^^^^^^^^^^^^^^^^^^^^
  File "/usr/lib/python3.12/importlib/__init__.py", line 90, in import_module
    return _bootstrap._gcd_import(name[level:], package, level)
           ^^^^^^^^^^^^^^^^^^^^^^^^^^^^^^^^^^^^^^^^^^^^^^^^^^^^
  File "<frozen importlib._bootstrap>", line 1387, in _gcd_import
  File "<frozen importlib._bootstrap>", line 1360, in _find_and_load
  File "<frozen importlib._bootstrap>", line 1331, in _find_and_load_unlocked
  File "<frozen importlib._bootstrap>", line 935, in _load_unlocked
  File "<frozen importlib._bootstrap_external>", line 995, in exec_module
  File "<frozen importlib._bootstrap>", line 488, in _call_with_frames_removed
  File "/root/verticebook/verticebook/urls.py", line 14, in <module>
    path('checkin/<uuid:token>/', include('reservations.urls_guest_checkin')), # We'll create this or use GuestCheckInView directly
                                  ^^^^^^^^^^^^^^^^^^^^^^^^^^^^^^^^^^^^^^^^^^
  File "/root/verticebook/.venv/lib/python3.12/site-packages/django/urls/conf.py", line 39, in include
    urlconf_module = import_module(urlconf_module)
                     ^^^^^^^^^^^^^^^^^^^^^^^^^^^^^
  File "/usr/lib/python3.12/importlib/__init__.py", line 90, in import_module
    return _bootstrap._gcd_import(name[level:], package, level)
           ^^^^^^^^^^^^^^^^^^^^^^^^^^^^^^^^^^^^^^^^^^^^^^^^^^^^
  File "<frozen importlib._bootstrap>", line 1387, in _gcd_import
  File "<frozen importlib._bootstrap>", line 1360, in _find_and_load
  File "<frozen importlib._bootstrap>", line 1331, in _find_and_load_unlocked
  File "<frozen importlib._bootstrap>", line 935, in _load_unlocked
  File "<frozen importlib._bootstrap_external>", line 995, in exec_module
  File "<frozen importlib._bootstrap>", line 488, in _call_with_frames_removed
  File "/root/verticebook/reservations/urls_guest_checkin.py", line 4, in <module>
    path('', views_checkin.GuestCheckInView.as_view(), name='guest_checkin'),
    ^^^^
NameError: name 'path' is not defined
[2026-04-22 17:32:29 +0000] [42219] [INFO] Starting gunicorn 25.3.0
[2026-04-22 17:32:29 +0000] [42219] [INFO] Listening at: http://127.0.0.1:8000 (42219)
[2026-04-22 17:32:29 +0000] [42219] [INFO] Using worker: sync
[2026-04-22 17:32:29 +0000] [42221] [INFO] Booting worker with pid: 42221
[2026-04-22 17:32:30 +0000] [42222] [INFO] Booting worker with pid: 42222
[2026-04-22 17:32:30 +0000] [42223] [INFO] Booting worker with pid: 42223
[2026-04-22 17:32:30 +0000] [42219] [INFO] Control socket listening at /run/user/0/gunicorn.ctl
[2026-04-22 17:40:40 +0000] [43242] [INFO] Starting gunicorn 25.3.0
[2026-04-22 17:40:40 +0000] [43242] [INFO] Listening at: http://127.0.0.1:8000 (43242)
[2026-04-22 17:40:40 +0000] [43242] [INFO] Using worker: sync
[2026-04-22 17:40:40 +0000] [43243] [INFO] Booting worker with pid: 43243
[2026-04-22 17:40:40 +0000] [43244] [INFO] Booting worker with pid: 43244
[2026-04-22 17:40:40 +0000] [43245] [INFO] Booting worker with pid: 43245
[2026-04-22 17:40:40 +0000] [43242] [INFO] Control socket listening at /run/user/0/gunicorn.ctl
[2026-04-22 17:51:32 +0000] [44414] [INFO] Starting gunicorn 25.3.0
[2026-04-22 17:51:32 +0000] [44414] [INFO] Listening at: http://127.0.0.1:8000 (44414)
[2026-04-22 17:51:32 +0000] [44414] [INFO] Using worker: sync
[2026-04-22 17:51:32 +0000] [44416] [INFO] Booting worker with pid: 44416
[2026-04-22 17:51:32 +0000] [44417] [INFO] Booting worker with pid: 44417
[2026-04-22 17:51:32 +0000] [44418] [INFO] Booting worker with pid: 44418
[2026-04-22 17:51:33 +0000] [44414] [INFO] Control socket listening at /run/user/0/gunicorn.ctl
