[2026-04-25 15:10:51] CRIANDO INTENT PARA PLANO 3 (Usuário 12)
[2026-04-25 15:10:53] INTENT CRIADO: pi_3TQ7r7Kd9SW38YyY03XiAfPN
[2026-04-25 15:13:28] CRIANDO INTENT PARA PLANO 3 (Usuário 12)
[2026-04-25 15:13:29] INTENT CRIADO: pi_3TQ7tdKd9SW38YyY13Se5wM2
[2026-04-25 15:15:07] CRIANDO INTENT PARA PLANO 3 (Usuário 12)
[2026-04-25 15:15:08] INTENT CRIADO: pi_3TQ7vEKd9SW38YyY1j1mggRv
[2026-04-25 15:17:29] CRIANDO INTENT PARA PLANO 3 (Usuário 12)
[2026-04-25 15:17:30] INTENT CRIADO: pi_3TQ7xVKd9SW38YyY1BKh8aNZ
[2026-04-27 08:45:39] CRIANDO INTENT PARA PLANO 3 (Usuário 14)
[2026-04-27 08:45:40] INTENT CRIADO: pi_3TQnbcKd9SW38YyY0pLrHUad
[2026-04-27 09:11:46] CRIANDO INTENT PARA PLANO 3 (Usuário 14)
[2026-04-27 09:11:46] INTENT CRIADO: pi_3TQo0sKd9SW38YyY1yooRydA
[2026-04-27 10:17:52] WEBHOOK STRIPE RECEBIDO: 318 bytes
[2026-04-27 10:21:16] WEBHOOK STRIPE RECEBIDO: 318 bytes
[2026-04-27 10:21:29] WEBHOOK STRIPE RECEBIDO: 318 bytes
[2026-04-27 10:22:32] WEBHOOK STRIPE RECEBIDO: 292 bytes
[2026-04-27 10:22:43] WEBHOOK STRIPE RECEBIDO: 292 bytes
[2026-04-27 10:26:49] WEBHOOK STRIPE RECEBIDO: 292 bytes
[2026-04-27 10:26:49] EVENTO STRIPE: payment_intent.succeeded
[2026-04-27 10:28:43] WEBHOOK STRIPE RECEBIDO: 292 bytes
[2026-04-27 10:28:43] EVENTO STRIPE: payment_intent.succeeded
[2026-04-27 10:28:57] WEBHOOK STRIPE RECEBIDO: 292 bytes
[2026-04-27 10:28:57] EVENTO STRIPE: payment_intent.succeeded
[2026-04-27 10:30:36] DEBUG: VERSION 2 - FIXING GET
[2026-04-27 10:30:36] WEBHOOK STRIPE RECEBIDO: 292 bytes
[2026-04-27 10:30:36] EVENTO STRIPE: payment_intent.succeeded
[2026-04-27 10:32:06] DEBUG: VERSION 2 - FIXING GET
[2026-04-27 10:32:06] WEBHOOK STRIPE RECEBIDO: 292 bytes
[2026-04-27 10:32:06] EVENTO STRIPE: payment_intent.succeeded
[2026-04-27 10:32:06] PAGAMENTO STRIPE APROVADO: pi_test_1777296726 (User: 14, Plan: 3)
[2026-04-27 10:32:06] ASSINATURA ATUALIZADA PARA teste@teste.com
[2026-04-27 10:32:06] ERRO AO ATUALIZAR DADOS POS-PAGAMENTO: get
[2026-04-27 10:33:06] WEBHOOK STRIPE RECEBIDO: 292 bytes
[2026-04-27 10:33:06] EVENTO STRIPE: payment_intent.succeeded
[2026-04-27 10:33:06] PAGAMENTO STRIPE APROVADO: pi_test_1777296786 (User: 14, Plan: 3)
[2026-04-27 10:33:06] ASSINATURA ATUALIZADA PARA teste@teste.com
[2026-04-27 10:33:06] ERRO AO ATUALIZAR DADOS POS-PAGAMENTO: Object of type PaymentIntent is not JSON serializable
[2026-04-27 10:33:24] WEBHOOK STRIPE RECEBIDO: 292 bytes
[2026-04-27 10:33:24] EVENTO STRIPE: payment_intent.succeeded
[2026-04-27 10:33:24] PAGAMENTO STRIPE APROVADO: pi_test_1777296804 (User: 14, Plan: 3)
[2026-04-27 10:33:24] ASSINATURA ATUALIZADA PARA teste@teste.com
[2026-04-27 10:33:24] ERRO AO ATUALIZAR DADOS POS-PAGAMENTO: Object of type PaymentIntent is not JSON serializable
[2026-04-27 10:34:16] WEBHOOK STRIPE RECEBIDO: 292 bytes
[2026-04-27 10:34:16] EVENTO STRIPE: payment_intent.succeeded
[2026-04-27 10:34:16] PAGAMENTO STRIPE APROVADO: pi_test_1777296855 (User: 14, Plan: 3)
[2026-04-27 10:34:16] ASSINATURA ATUALIZADA PARA teste@teste.com
[2026-04-27 10:34:16] ERRO AO ATUALIZAR DADOS POS-PAGAMENTO: 0
[2026-04-27 10:39:43] CRIANDO INTENT PARA PLANO 3 (Usuário 14)
[2026-04-27 10:39:44] INTENT CRIADO: pi_3TQpO0Kd9SW38YyY0rm6FfLu
[2026-04-27 12:43:04] CRIANDO INTENT PARA PLANO 3 (Usuário 14)
[2026-04-27 12:43:05] INTENT CRIADO: pi_3TQrJNKd9SW38YyY1fybrbID
[2026-04-27 12:43:17] WEBHOOK STRIPE RECEBIDO: 2320 bytes
[2026-04-27 12:43:17] EVENTO STRIPE: payment_intent.succeeded
[2026-04-27 12:43:17] PAGAMENTO STRIPE APROVADO: pi_3TQrJNKd9SW38YyY1fybrbID (User: 14, Plan: 3)
[2026-04-27 12:43:17] ASSINATURA ATUALIZADA PARA teste@teste.com
[2026-04-27 12:43:17] ERRO AO ATUALIZAR DADOS POS-PAGAMENTO: 0
[2026-04-27 12:47:28] WEBHOOK STRIPE RECEBIDO: 292 bytes
[2026-04-27 12:47:28] EVENTO STRIPE: payment_intent.succeeded
[2026-04-27 12:47:28] PAGAMENTO STRIPE APROVADO: pi_test_1777304846 (User: 14, Plan: 3)
[2026-04-27 12:47:28] ASSINATURA ATUALIZADA PARA teste@teste.com
[2026-04-27 12:47:28] ERRO AO ATUALIZAR DADOS POS-PAGAMENTO: 0
Traceback (most recent call last):
  File "/root/verticebook/subscriptions/views.py", line 328, in stripe_webhook_view
    'raw_data': dict(data_object)
                ^^^^^^^^^^^^^^^^^
  File "/root/verticebook/.venv/lib/python3.12/site-packages/stripe/_stripe_object.py", line 224, in __getitem__
    raise err
  File "/root/verticebook/.venv/lib/python3.12/site-packages/stripe/_stripe_object.py", line 203, in __getitem__
    return self._data[k]
           ~~~~~~~~~~^^^
KeyError: 0

[2026-04-27 12:48:51] WEBHOOK STRIPE RECEBIDO: 292 bytes
[2026-04-27 12:48:51] EVENTO STRIPE: payment_intent.succeeded
[2026-04-27 12:48:51] PAGAMENTO STRIPE APROVADO: pi_test_1777304930 (User: 14, Plan: 3)
[2026-04-27 12:48:51] ASSINATURA ATUALIZADA PARA teste@teste.com
[2026-04-27 12:48:51] PAGAMENTO REGISTRADO NO BANCO
[2026-04-27 12:51:34] CRIANDO INTENT PARA PLANO 3 (Usuário 14)
[2026-04-27 12:51:35] INTENT CRIADO: pi_3TQrRbKd9SW38YyY0MAo9Rmz
[2026-04-27 13:21:56] CRIANDO INTENT PARA PLANO 3 (Usuário 14)
[2026-04-27 13:21:57] INTENT CRIADO: pi_3TQruzKd9SW38YyY1NlPvSNq
